<====================================<>====================================>
======> This session starts at 2019-08-28 06:22:51.085889
==> Reading old Configuration at 2019-08-28 06:22:54.170538
==> Changing Settings at 2019-08-28 06:23:26.401230
==> Opened file from the same folder at 2019-08-28 06:23:27.686229
=> File name is  ieeeattendees - 3.xlsx
==> Setting was saved
labtop Number= 3
Names Col= A
Codes Col= D
Phones Col= C
Today's Col= J
Workshops Col = E - F - G
==> Search for ID 123.0
======> Sheet was saved and closed 2019-08-28 06:23:39.811525
======> This session ended by closing the application at 2019-08-28 06:23:39.815524
<====================================<>====================================>
<====================================<>====================================>
======> This session starts at 2019-08-28 19:03:16.496663
<====================================<>====================================>
======> This session starts at 2019-08-29 01:36:21.324793
==> Reading old Configuration at 2019-08-29 01:36:28.160355
==> Changing Settings at 2019-08-29 01:36:30.274443
==> Opened file from the same folder at 2019-08-29 01:36:31.719433
=> File name is  ieeeattendees - 3.xlsx
==> Setting was saved
labtop Number= 3
Names Col= A
Codes Col= D
Phones Col= C
Today's Col= J
Workshops Col = E - F - G
==> Search for ID 740.0
===> Saved today attendance for row number 2 at 2019-08-29 01:37:15.683873
==> Search for PHONE 1019111816.0
===> Saved today attendance for row number 9 at 2019-08-29 01:37:25.396195
======> Sheet was saved and closed 2019-08-29 01:37:31.034559
======> This session ended by closing the application at 2019-08-29 01:37:31.039594
<====================================<>====================================>
<====================================<>====================================>
======> This session starts at 2019-08-29 01:38:21.892664
<====================================<>====================================>
======> This session starts at 2019-08-29 01:39:09.686959
==> Reading old Configuration at 2019-08-29 01:39:12.178151
==> Changing Settings at 2019-08-29 01:39:13.058381
==> Opened file from the same folder at 2019-08-29 01:39:14.322410
=> File name is  ieeeattendees - 3.xlsx
==> Setting was saved
labtop Number= 3
Names Col= A
Codes Col= D
Phones Col= C
Today's Col= J
Workshops Col = E - F - G
======> Sheet was saved and closed 2019-08-29 01:39:19.827918
======> This session ended by closing the application at 2019-08-29 01:39:19.833822
<====================================<>====================================>
<====================================<>====================================>
======> This session starts at 2019-08-30 02:03:39.549623
==> Reading old Configuration at 2019-08-30 02:04:16.586355
<====================================<>====================================>
======> This session starts at 2019-08-30 02:08:47.293600
==> Reading old Configuration at 2019-08-30 02:08:49.621674
<====================================<>====================================>
======> This session starts at 2019-08-30 02:10:47.124012
==> Reading old Configuration at 2019-08-30 02:10:48.987591
<====================================<>====================================>
======> This session starts at 2019-08-30 02:12:34.302675
<====================================<>====================================>
======> This session starts at 2019-08-30 02:26:49.221245
==> Reading old Configuration at 2019-08-30 02:26:52.304682
==> Changing Settings at 2019-08-30 02:27:45.912353
==> Changing Settings at 2019-08-30 02:27:47.400667
==> Changing Settings at 2019-08-30 02:27:48.688875
==> Changing Settings at 2019-08-30 02:28:37.672203
<====================================<>====================================>
======> This session starts at 2019-08-30 02:29:10.400240
==> Reading old Configuration at 2019-08-30 02:29:12.093055
==> Changing Settings at 2019-08-30 02:29:38.172016
==> File can't be apened as it's open by Microsoft EXCEl at 2019-08-30 02:29:40.231064
==> Changing Settings at 2019-08-30 02:29:49.420397
==> Opened file from a path at 2019-08-30 02:29:52.121396
=> File path is  F:/PYTHON/registration app project/2- check-in app - old/ieeeattendees.xlsx
==> Setting was saved
labtop Number= 3
Names Col= A
Codes Col= E
Phones Col= C
National IDs Col= DToday's Col= K
Workshops Col = F - G - H
======> Sheet was saved and closed 2019-08-30 02:30:03.118823
======> This session ended by closing the application at 2019-08-30 02:30:03.123822
<====================================<>====================================>
<====================================<>====================================>
======> This session starts at 2019-08-30 02:52:34.729333
<====================================<>====================================>
======> This session starts at 2019-08-30 02:52:52.654857
==> Reading old Configuration at 2019-08-30 02:52:54.930330
==> Changing Settings at 2019-08-30 02:52:56.826299
==> Opened file from the same folder at 2019-08-30 02:52:58.218556
=> File name is  ieeeattendees - 3.xlsx
==> Setting was saved
labtop Number= 3
Names Col= A
Codes Col= E
Phones Col= C
National IDs Col= DToday's Col= K
Workshops Col = F - G - H
==> Search for ID 740
==> Search for ID 740
<====================================<>====================================>
======> This session starts at 2019-08-30 02:54:31.270582
==> Reading old Configuration at 2019-08-30 02:54:33.115657
==> Changing Settings at 2019-08-30 02:54:33.608827
==> Opened file from the same folder at 2019-08-30 02:54:35.234525
=> File name is  ieeeattendees - 3.xlsx
==> Setting was saved
labtop Number= 3
Names Col= A
Codes Col= E
Phones Col= C
National IDs Col= DToday's Col= K
Workshops Col = F - G - H
==> Search for ID 740
===> Saved today attendance for row number 2 at 2019-08-30 02:54:40.184051
<====================================<>====================================>
======> This session starts at 2019-08-30 02:55:57.091380
==> Reading old Configuration at 2019-08-30 02:55:59.211061
==> Changing Settings at 2019-08-30 02:55:59.750710
==> Opened file from the same folder at 2019-08-30 02:56:01.218554
=> File name is  ieeeattendees - 3.xlsx
==> Setting was saved
labtop Number= 3
Names Col= A
Codes Col= E
Phones Col= C
National IDs Col= DToday's Col= K
Workshops Col = F - G - H
==> Search for ID 740
===> Saved today attendance for row number 2 at 2019-08-30 02:56:05.631935
======> Sheet was saved and closed 2019-08-30 02:57:10.239815
======> This session ended by closing the application at 2019-08-30 02:57:10.244813
<====================================<>====================================>
<====================================<>====================================>
======> This session starts at 2019-08-30 02:59:45.390533
==> Reading old Configuration at 2019-08-30 02:59:47.871585
==> Changing Settings at 2019-08-30 02:59:48.498761
==> Opened file from the same folder at 2019-08-30 02:59:49.821648
=> File name is  ieeeattendees - 3.xlsx
==> Setting was saved
labtop Number= 3
Names Col= A
Codes Col= E
Phones Col= C
National IDs Col= DToday's Col= K
Workshops Col = F - G - H
==> Search for ID 227
==> Search for ID 227
===> Saved today attendance for row number 3 at 2019-08-30 02:59:58.001120
==> Search for PHONE 1019111816
===> Saved today attendance for row number 9 at 2019-08-30 03:00:20.853203
==> Search for PHONE 29605141601391
===> Searching for the phone didn't get to a result at 2019-08-30 03:00:45.014571
==> Search for PHONE 29605141601391
===> Searching for the phone didn't get to a result at 2019-08-30 03:01:13.543047
==> File can't be saved as it's open by Microsoft EXCEl at 2019-08-30 03:02:15.904180
======> Closing the application failed at 2019-08-30 03:02:15.909222
==> File can't be saved as it's open by Microsoft EXCEl at 2019-08-30 03:02:41.221982
======> Closing the application failed at 2019-08-30 03:02:41.226997
<====================================<>====================================>
======> This session starts at 2019-08-30 03:05:18.827633
==> Reading old Configuration at 2019-08-30 03:05:20.773395
==> Changing Settings at 2019-08-30 03:05:21.335057
==> Opened file from the same folder at 2019-08-30 03:05:22.704519
=> File name is  ieeeattendees - 3.xlsx
==> Setting was saved
labtop Number= 3
Names Col= A
Codes Col= E
Phones Col= C
National IDs Col= DToday's Col= K
Workshops Col = F - G - H
==> Search for PHONE 29605141601391
===> Searching for the phone didn't get to a result at 2019-08-30 03:05:57.587040
<====================================<>====================================>
======> This session starts at 2019-08-30 03:06:32.253351
==> Reading old Configuration at 2019-08-30 03:06:34.604362
==> Changing Settings at 2019-08-30 03:06:35.143296
==> Opened file from the same folder at 2019-08-30 03:06:36.513331
=> File name is  ieeeattendees - 3.xlsx
==> Setting was saved
labtop Number= 3
Names Col= A
Codes Col= E
Phones Col= C
National IDs Col= DToday's Col= K
Workshops Col = F - G - H
==> Search for National ID 29605141601391
==> Search for National ID 29605141601391
======> Sheet was saved and closed 2019-08-30 03:13:41.443722
======> This session ended by closing the application at 2019-08-30 03:13:41.452712
<====================================<>====================================>
<====================================<>====================================>
======> This session starts at 2019-08-30 03:13:47.844800
==> Reading old Configuration at 2019-08-30 03:13:49.699359
==> Changing Settings at 2019-08-30 03:13:50.216755
==> Opened file from the same folder at 2019-08-30 03:13:51.655731
=> File name is  ieeeattendees - 3.xlsx
==> Setting was saved
labtop Number= 3
Names Col= A
Codes Col= E
Phones Col= C
National IDs Col= DToday's Col= K
Workshops Col = F - G - H
==> Search for National ID 29605141601391
<====================================<>====================================>
======> This session starts at 2019-08-30 03:14:42.991497
==> Reading old Configuration at 2019-08-30 03:14:44.736845
==> Changing Settings at 2019-08-30 03:14:45.422939
==> Opened file from the same folder at 2019-08-30 03:14:46.910002
=> File name is  ieeeattendees - 3.xlsx
==> Setting was saved
labtop Number= 3
Names Col= A
Codes Col= E
Phones Col= C
National IDs Col= DToday's Col= K
Workshops Col = F - G - H
==> Search for National ID 29605141601391
<====================================<>====================================>
======> This session starts at 2019-08-30 03:17:58.049645
==> Reading old Configuration at 2019-08-30 03:18:00.236922
==> Changing Settings at 2019-08-30 03:18:00.676959
==> Opened file from the same folder at 2019-08-30 03:18:03.146594
=> File name is  ieeeattendees - 3.xlsx
==> Setting was saved
labtop Number= 3
Names Col= A
Codes Col= E
Phones Col= C
National IDs Col= DToday's Col= K
Workshops Col = F - G - H
==> Search for National ID 29605141601391
===> Saved today attendance for row number 27 at 2019-08-30 03:18:36.245960
==> Search for PHONE 2960514160139
===> Searching for the phone didn't get to a result at 2019-08-30 03:18:39.988312
==> Search for National ID 29605141601391
==> Search for National ID 29605141601392
===> Searching for the National ID didn't get to a result at 2019-08-30 03:18:58.357430
======> Sheet was saved and closed 2019-08-30 03:19:05.823216
======> This session ended by closing the application at 2019-08-30 03:19:05.830176
<====================================<>====================================>
<====================================<>====================================>
======> This session starts at 2019-08-30 03:22:08.758184
==> Reading old Configuration at 2019-08-30 03:22:11.537658
==> Changing Settings at 2019-08-30 03:22:12.192796
==> Opened file from the same folder at 2019-08-30 03:22:13.704407
=> File name is  ieeeattendees - 3.xlsx
==> Setting was saved
labtop Number= 3
Names Col= A
Codes Col= E
Phones Col= C
National IDs Col= DToday's Col= K
Workshops Col = F - G - H
==> Search for ID 740
==> Search for ID 740
===> Saved today attendance for row number 2 at 2019-08-30 03:22:20.116651
======> Sheet was saved and closed 2019-08-30 03:22:27.691163
======> This session ended by closing the application at 2019-08-30 03:22:27.696127
<====================================<>====================================>
<====================================<>====================================>
======> This session starts at 2019-08-30 03:22:53.206640
==> Reading old Configuration at 2019-08-30 03:22:55.165887
==> Changing Settings at 2019-08-30 03:22:55.575195
==> Opened file from the same folder at 2019-08-30 03:22:57.020012
=> File name is  ieeeattendees - 3.xlsx
==> Setting was saved
labtop Number= 3
Names Col= A
Codes Col= E
Phones Col= C
National IDs Col= DToday's Col= K
Workshops Col = F - G - H
==> Search for PHONE 1019111816
<====================================<>====================================>
======> This session starts at 2019-08-30 03:31:23.864150
==> Reading old Configuration at 2019-08-30 03:31:25.965214
==> Changing Settings at 2019-08-30 03:31:26.529932
==> Opened file from the same folder at 2019-08-30 03:31:27.997544
=> File name is  ieeeattendees - 3.xlsx
==> Setting was saved
labtop Number= 3
Names Col= A
Codes Col= E
Phones Col= C
National IDs Col= DToday's Col= K
Workshops Col = F - G - H
==> Search for ID 740
==> Search for ID 740
==> Search for ID 227
===> Saved today attendance for row number 3 at 2019-08-30 03:31:43.040616
======> Sheet was saved and closed 2019-08-30 03:31:46.700286
======> This session ended by closing the application at 2019-08-30 03:31:46.706294
<====================================<>====================================>
<====================================<>====================================>
======> This session starts at 2019-08-30 03:32:37.908931
<====================================<>====================================>
======> This session starts at 2019-08-30 03:32:53.730333
==> Reading old Configuration at 2019-08-30 03:32:55.726798
==> Changing Settings at 2019-08-30 03:32:56.559045
==> Opened file from the same folder at 2019-08-30 03:32:58.222066
=> File name is  ieeeattendees - 3.xlsx
==> Setting was saved
labtop Number= 3
Names Col= A
Codes Col= E
Phones Col= C
National IDs Col= DToday's Col= K
Workshops Col = F - G - H
======> Sheet was saved and closed 2019-08-30 03:33:04.772998
======> This session ended by closing the application at 2019-08-30 03:33:04.778030
<====================================<>====================================>
<====================================<>====================================>
======> This session starts at 2019-08-30 03:35:29.502748
==> Reading old Configuration at 2019-08-30 03:35:31.273947
==> Changing Settings at 2019-08-30 03:35:31.905141
==> Opened file from the same folder at 2019-08-30 03:35:33.397798
=> File name is  ieeeattendees - 3.xlsx
==> Setting was saved
labtop Number= 3
Names Col= A
Codes Col= E
Phones Col= C
National IDs Col= DToday's Col= K
Workshops Col = F - G - H
==> Search for ID 227
===> Saved today attendance for row number 3 at 2019-08-30 03:35:41.787080
==> Search for PHONE 1019111816
===> Saved today attendance for row number 9 at 2019-08-30 03:35:50.411068
==> Search for National ID 29605141601391
===> Saved today attendance for row number 27 at 2019-08-30 03:36:17.230717
======> Sheet was saved and closed 2019-08-30 03:36:20.498310
======> This session ended by closing the application at 2019-08-30 03:36:20.503273
<====================================<>====================================>
<====================================<>====================================>
======> This session starts at 2019-08-30 03:56:34.505501
<====================================<>====================================>
======> This session starts at 2019-08-30 04:06:30.061421
==> Reading old Configuration at 2019-08-30 04:06:31.763727
==> Changing Settings at 2019-08-30 04:06:32.265093
==> Opened file from the same folder at 2019-08-30 04:06:33.738105
=> File name is  ieeeattendees - 3.xlsx
==> Setting was saved
labtop Number= 3
Names Col= A
Codes Col= E
Phones Col= C
National IDs Col= DToday's Col= K
Workshops Cols = F - G - H
======> Sheet was saved and closed at 2019-08-30 04:06:37.592491
======> This session ended by closing the application at 2019-08-30 04:06:37.597491
<====================================<>====================================>
<====================================<>====================================>
======> This session starts at 2019-08-30 04:06:41.119373
======> There is no sheet to be saved or closed at 2019-08-30 04:06:46.325066
======> This session ended by closing the application at 2019-08-30 04:06:46.331105
<====================================<>====================================>
<====================================<>====================================>
======> This session starts at 2019-08-30 04:22:27.534219
==> Reading old Configuration at 2019-08-30 04:22:30.177498
==> Changing Settings at 2019-08-30 04:22:30.769513
==> Opened file from the same folder at 2019-08-30 04:22:32.387518
=> File name is  ieeeattendees - 3.xlsx
==> Setting was saved
labtop Number= 3
Names Col= A
Codes Col= E
Phones Col= C
National IDs Col= DToday's Col= K
Workshops Cols = F - G - H
<====================================<>====================================>
======> This session starts at 2019-08-30 04:26:05.857471
======> There is no sheet to be saved or closed at 2019-08-30 04:26:13.005839
======> This session ended by closing the application at 2019-08-30 04:26:13.010851
<====================================<>====================================>
<====================================<>====================================>
======> This session starts at 2019-08-30 04:26:30.942162
==> Reading old Configuration at 2019-08-30 04:26:34.673295
==> Changing Settings at 2019-08-30 04:26:35.660392
==> File can't be saved as it's open by Microsoft EXCEl at 2019-08-30 04:26:36.940916
==> Changing Settings at 2019-08-30 04:26:51.737797
==> Opened file from the same folder at 2019-08-30 04:26:53.284339
=> File name is  ieeeattendees - 3.xlsx
==> Setting was saved
labtop Number= 3
Names Col= A
Codes Col= E
Phones Col= C
National IDs Col= DToday's Col= K
Workshops Cols = F - G - H
<====================================<>====================================>
======> This session starts at 2019-08-30 04:27:55.869939
==> Reading old Configuration at 2019-08-30 04:28:03.279911
==> Changing Settings at 2019-08-30 04:28:03.896525
==> Opened file from the same folder at 2019-08-30 04:28:05.596875
=> File name is  ieeeattendees - 3.xlsx
==> Setting was saved
labtop Number= 3
Names Col= A
Codes Col= E
Phones Col= C
National IDs Col= DToday's Col= K
Workshops Cols = F - G - H
==> File can't be saved as it's open by Microsoft EXCEl at 2019-08-30 04:28:22.220313
======> Closing the application failed at 2019-08-30 04:28:22.226359
<====================================<>====================================>
======> This session starts at 2019-08-30 04:29:33.150467
==> Reading old Configuration at 2019-08-30 04:29:35.393856
==> Changing Settings at 2019-08-30 04:29:35.864128
==> File can't be saved as it's open by Microsoft EXCEl at 2019-08-30 04:29:37.111668
==> Changing Settings at 2019-08-30 04:29:45.520984
==> Opened file from the same folder at 2019-08-30 04:29:47.066983
=> File name is  ieeeattendees - 3.xlsx
==> Setting was saved
labtop Number= 3
Names Col= A
Codes Col= E
Phones Col= C
National IDs Col= DToday's Col= K
Workshops Cols = F - G - H
<====================================<>====================================>
======> This session starts at 2019-08-30 04:37:45.517084
==> Reading old Configuration at 2019-08-30 04:37:49.342300
==> Changing Settings at 2019-08-30 04:38:01.743504
==> File can't be saved as it's open by Microsoft EXCEl at 2019-08-30 04:38:03.090506
==> Changing Settings at 2019-08-30 04:38:06.706339
==> Opened file from the same folder at 2019-08-30 04:38:08.393437
=> File name is  ieeeattendees - 3.xlsx
==> Setting was saved
labtop Number= 3
Names Col= A
Codes Col= E
Phones Col= C
National IDs Col= DToday's Col= K
Workshops Cols = F - G - H
======> Sheet was saved and closed at 2019-08-30 04:38:28.304214
======> This session ended by closing the application at 2019-08-30 04:38:28.309232
<====================================<>====================================>
<====================================<>====================================>
======> This session starts at 2019-08-30 04:39:31.491919
==> Reading old Configuration at 2019-08-30 04:39:43.237174
==> Changing Settings at 2019-08-30 04:39:43.730675
==> File can't be saved as it's open by Microsoft EXCEl at 2019-08-30 04:39:44.901715
==> Changing Settings at 2019-08-30 04:39:50.218297
==> Opened file from the same folder at 2019-08-30 04:39:51.767082
=> File name is  ieeeattendees - 3.xlsx
==> Setting was saved
labtop Number= 3
Names Col= A
Codes Col= E
Phones Col= C
National IDs Col= DToday's Col= K
Workshops Cols = F - G - H
==> File can't be saved as it's open by Microsoft EXCEl at 2019-08-30 04:40:03.314805
======> Closing the application failed at 2019-08-30 04:40:03.319803
===\//===> Sheet was forced to be saved and closed 2019-08-30 04:40:44.528939
======> This session ended by closing the application at 2019-08-30 04:40:44.534944
<====================================<>====================================>
<====================================<>====================================>
======> This session starts at 2019-08-30 04:48:03.097893
==> Reading old Configuration at 2019-08-30 04:48:04.983978
==> Changing Settings at 2019-08-30 04:48:05.569972
==> File can't be saved as it's open by Microsoft EXCEl at 2019-08-30 04:48:06.882988
==> File can't be saved as it's open by Microsoft EXCEl at 2019-08-30 04:48:16.266920
======> Closing the application failed at 2019-08-30 04:48:16.272917
==> File can't be saved as it's open by Microsoft EXCEl at 2019-08-30 04:48:27.923858
======> Closing the application failed at 2019-08-30 04:48:27.928854
==> File can't be saved as it's open by Microsoft EXCEl at 2019-08-30 04:48:31.685953
======> Closing the application failed at 2019-08-30 04:48:31.690955
===\//===> Sheet was forced to be saved and closed 2019-08-30 04:48:37.816392
======> This session ended by closing the application at 2019-08-30 04:48:37.821424
<====================================<>====================================>
<====================================<>====================================>
======> This session starts at 2019-08-30 04:50:14.799049
==> Reading old Configuration at 2019-08-30 04:50:17.906196
==> Changing Settings at 2019-08-30 04:50:19.732652
==> File can't be saved as it's open by Microsoft EXCEl at 2019-08-30 04:50:20.939179
==> Changing Settings at 2019-08-30 04:50:28.030009
==> Opened file from the same folder at 2019-08-30 04:50:29.737141
=> File name is  ieeeattendees - 3.xlsx
==> Setting was saved
labtop Number= 3
Names Col= A
Codes Col= E
Phones Col= C
National IDs Col= DToday's Col= K
Workshops Cols = F - G - H
==> File can't be saved as it's open by Microsoft EXCEl at 2019-08-30 04:50:54.658876
======> Closing the application failed at 2019-08-30 04:50:54.663915
==> File can't be saved as it's open by Microsoft EXCEl at 2019-08-30 04:51:03.896177
======> Closing the application failed at 2019-08-30 04:51:03.903176
==> File can't be saved as it's open by Microsoft EXCEl at 2019-08-30 04:51:09.396202
======> Closing the application failed at 2019-08-30 04:51:09.401197
==> File can't be saved as it's open by Microsoft EXCEl at 2019-08-30 04:51:13.527213
======> Closing the application failed at 2019-08-30 04:51:13.533216
==> File can't be saved as it's open by Microsoft EXCEl at 2019-08-30 04:52:17.826900
======> Closing the application failed at 2019-08-30 04:52:17.832899
===\//===> Sheet was forced to be saved and closed 2019-08-30 04:52:19.583000
======> This session ended by closing the application at 2019-08-30 04:52:19.588003
<====================================<>====================================>
<====================================<>====================================>
======> This session starts at 2019-08-30 04:52:23.872742
==> Reading old Configuration at 2019-08-30 04:52:26.286539
==> Changing Settings at 2019-08-30 04:52:28.782843
==> File can't be saved as it's open by Microsoft EXCEl at 2019-08-30 04:52:29.033896
==> File can't be saved as it's open by Microsoft EXCEl at 2019-08-30 04:52:32.922154
======> Closing the application failed at 2019-08-30 04:52:32.927106
===\//===> Sheet was forced to be saved and closed 2019-08-30 04:52:38.422769
======> This session ended by closing the application at 2019-08-30 04:52:38.427807
<====================================<>====================================>
<====================================<>====================================>
======> This session starts at 2019-08-30 20:50:36.234281
======> There is no sheet to be saved or closed at 2019-08-30 20:50:46.545591
======> This session ended by closing the application at 2019-08-30 20:50:46.551607
<====================================<>====================================>
<====================================<>====================================>
======> This session starts at 2019-08-30 20:50:50.284119
==> Reading old Configuration at 2019-08-30 20:50:52.120337
==> Changing Settings at 2019-08-30 20:50:52.694405
==> Opened file from the same folder at 2019-08-30 20:50:54.187404
=> File name is  ieeeattendees - 3.xlsx
==> Setting was saved
labtop Number= 3
Names Col= A
Codes Col= E
Phones Col= C
National IDs Col= DToday's Col= K
Workshops Cols = F - G - H
==> File can't be saved as it's open by Microsoft EXCEl at 2019-08-30 20:51:08.863013
======> Closing the application failed at 2019-08-30 20:51:08.871014
===\//===> Sheet was forced to be saved and closed 2019-08-30 20:51:18.746168
======> This session ended by closing the application at 2019-08-30 20:51:18.751162
<====================================<>====================================>
<====================================<>====================================>
======> This session starts at 2019-08-30 20:53:37.479985
==> Reading old Configuration at 2019-08-30 20:53:39.172380
==> Changing Settings at 2019-08-30 20:53:39.859416
==> File can't be saved as it's open by Microsoft EXCEl at 2019-08-30 20:53:41.037069
==> Changing Settings at 2019-08-30 20:53:48.356297
==> Opened file from the same folder at 2019-08-30 20:53:49.962288
=> File name is  ieeeattendees - 3.xlsx
==> Setting was saved
labtop Number= 3
Names Col= A
Codes Col= E
Phones Col= C
National IDs Col= DToday's Col= K
Workshops Cols = F - G - H
======> Sheet was saved and closed at 2019-08-30 20:53:54.627974
======> This session ended by closing the application at 2019-08-30 20:53:54.633935
<====================================<>====================================>
<====================================<>====================================>
======> This session starts at 2019-08-30 20:54:00.751487
==> Reading old Configuration at 2019-08-30 20:54:06.131974
==> Changing Settings at 2019-08-30 20:54:06.725870
==> Opened file from the same folder at 2019-08-30 20:54:08.277359
=> File name is  ieeeattendees - 3.xlsx
==> Setting was saved
labtop Number= 3
Names Col= A
Codes Col= E
Phones Col= C
National IDs Col= DToday's Col= K
Workshops Cols = F - G - H
==> File can't be saved as it's open by Microsoft EXCEl at 2019-08-30 20:54:19.699027
======> Closing the application failed at 2019-08-30 20:54:19.704077
===\//===> Sheet was forced to be saved and closed 2019-08-30 20:54:28.318059
======> This session ended by closing the application at 2019-08-30 20:54:28.324024
<====================================<>====================================>
<====================================<>====================================>
======> This session starts at 2019-08-30 20:54:45.647070
==> Reading old Configuration at 2019-08-30 20:54:52.696095
==> Changing Settings at 2019-08-30 20:54:53.112600
==> File can't be saved as it's open by Microsoft EXCEl at 2019-08-30 20:54:53.978229
==> Changing Settings at 2019-08-30 20:54:57.467779
==> Opened file from the same folder at 2019-08-30 20:54:59.096476
=> File name is  ieeeattendees - 3.xlsx
==> Setting was saved
labtop Number= 3
Names Col= A
Codes Col= E
Phones Col= C
National IDs Col= DToday's Col= K
Workshops Cols = F - G - H
==> File can't be saved as it's open by Microsoft EXCEl at 2019-08-30 20:55:16.093120
======> Closing the application failed at 2019-08-30 20:55:16.098168
===\//===> Sheet was forced to be saved and closed 2019-08-30 20:55:23.678119
======> This session ended by closing the application at 2019-08-30 20:55:23.683150
<====================================<>====================================>
<====================================<>====================================>
======> This session starts at 2019-08-30 20:56:00.130221
==> Reading old Configuration at 2019-08-30 20:56:02.931824
==> Changing Settings at 2019-08-30 20:56:08.168214
==> Opened file from the same folder at 2019-08-30 20:56:09.945327
=> File name is  ieeeattendees - 3.xlsx
==> Setting was saved
labtop Number= 3
Names Col= A
Codes Col= E
Phones Col= C
National IDs Col= DToday's Col= K
Workshops Cols = F - G - H
==> File can't be saved as it's open by Microsoft EXCEl at 2019-08-30 20:56:31.822231
======> Closing the application failed at 2019-08-30 20:56:31.827278
==> File can't be saved as it's open by Microsoft EXCEl at 2019-08-30 20:56:40.452120
======> Closing the application failed at 2019-08-30 20:56:40.457120
===\//===> Sheet was forced to be saved and closed 2019-08-30 20:56:51.882578
======> This session ended by closing the application at 2019-08-30 20:56:51.887577
<====================================<>====================================>
